<?xml version="1.0" encoding="UTF-8"?>
<!-- Generated by org.testng.reporters.JUnitXMLReporter -->
<testsuite ignored="5" hostname="MSI" failures="0" tests="1" name="Default test" time="19.467" errors="0" timestamp="2024-12-25T19:41:41 IST">
  <testcase classname="com.guru99.testcases.Guru99LoginPageTest" name="TC001_LoginPage_LoginWithValidCredentials" time="9.277"/>
  <testcase classname="com.guru99.testcases.Guru99LoginPageTest" name="TC003_LoginPage_LoginWithInValidCredentials" time="0.0">
    <ignored/>
  </testcase> <!-- TC003_LoginPage_LoginWithInValidCredentials -->
  <testcase classname="com.guru99.testcases.Guru99LoginPageTest" name="TC004_LoginPage_LoginWithInValidCredentials" time="0.0">
    <ignored/>
  </testcase> <!-- TC004_LoginPage_LoginWithInValidCredentials -->
  <testcase classname="com.guru99.testcases.Guru99LoginPageTest" name="TC002_LoginPage_LoginWithInValidCredentials" time="0.0">
    <ignored/>
  </testcase> <!-- TC002_LoginPage_LoginWithInValidCredentials -->
  <testcase classname="com.guru99.testcases.Guru99LoginPageTest" name="TC005_LoginPage_LoginWithoutCredentials" time="0.0">
    <ignored/>
  </testcase> <!-- TC005_LoginPage_LoginWithoutCredentials -->
  <testcase classname="com.guru99.testcases.Guru99LoginPageTest" name="TC006_LoginPage_LoginWithValidCredentials" time="0.0">
    <ignored/>
  </testcase> <!-- TC006_LoginPage_LoginWithValidCredentials -->
</testsuite> <!-- Default test -->
