<?xml version="1.0" encoding="UTF-8"?>
<!-- Generated by org.testng.reporters.JUnitXMLReporter -->
<testsuite ignored="0" hostname="MSI" failures="0" tests="6" name="test" time="16.323" errors="0" timestamp="2025-01-09T20:48:53 IST">
  <testcase classname="com.guru99.testcases.Guru99LoginPageTest" name="TC005_LoginPage_LoginWithoutCredentials" time="2.851"/>
  <testcase classname="com.guru99.testcases.Guru99LoginPageTest" name="TC003_LoginPage_LoginWithInValidCredentials" time="1.942"/>
  <testcase classname="com.guru99.testcases.Guru99LoginPageTest" name="TC006_LoginPage_LoginWithValidCredentials" time="2.118"/>
  <testcase classname="com.guru99.testcases.Guru99LoginPageTest" name="TC002_LoginPage_LoginWithInValidCredentials" time="2.455"/>
  <testcase classname="com.guru99.testcases.Guru99LoginPageTest" name="TC004_LoginPage_LoginWithInValidCredentials" time="2.033"/>
  <testcase classname="com.guru99.testcases.Guru99LoginPageTest" name="TC001_LoginPage_LoginWithValidCredentials" time="2.651"/>
</testsuite> <!-- test -->
