<?xml version="1.0" encoding="UTF-8"?>
<!-- Generated by org.testng.reporters.JUnitXMLReporter -->
<testsuite ignored="0" hostname="MSI" failures="0" tests="6" name="test" time="18.172" errors="0" timestamp="2025-01-09T21:06:08 IST">
  <testcase classname="com.guru99.testcases.Guru99LoginPageTest" name="TC005_LoginPage_LoginWithoutCredentials" time="1.811"/>
  <testcase classname="com.guru99.testcases.Guru99LoginPageTest" name="TC002_LoginPage_LoginWithInValidCredentials" time="2.075"/>
  <testcase classname="com.guru99.testcases.Guru99LoginPageTest" name="TC004_LoginPage_LoginWithInValidCredentials" time="2.045"/>
  <testcase classname="com.guru99.testcases.Guru99LoginPageTest" name="TC003_LoginPage_LoginWithInValidCredentials" time="2.117"/>
  <testcase classname="com.guru99.testcases.Guru99LoginPageTest" name="TC006_LoginPage_LoginWithValidCredentials" time="3.21"/>
  <testcase classname="com.guru99.testcases.Guru99LoginPageTest" name="TC001_LoginPage_LoginWithValidCredentials" time="2.365"/>
</testsuite> <!-- test -->
