<?xml version="1.0" encoding="UTF-8"?>
<testng-results ignored="0" total="6" passed="6" failed="0" skipped="0">
  <reporter-output>
  </reporter-output>
  <suite started-at="2025-01-09T21:05:49 IST" name="Suite" finished-at="2025-01-09T21:06:07 IST" duration-ms="18172">
    <groups>
      <group name="regression">
        <method signature="Guru99LoginPageTest.TC001_LoginPage_LoginWithValidCredentials(java.lang.String,java.lang.String)[pri:1, instance:com.guru99.testcases.Guru99LoginPageTest@2f8dad04]" name="TC001_LoginPage_LoginWithValidCredentials" class="com.guru99.testcases.Guru99LoginPageTest"/>
        <method signature="Guru99LoginPageTest.TC002_LoginPage_LoginWithInValidCredentials(java.lang.String,java.lang.String)[pri:2, instance:com.guru99.testcases.Guru99LoginPageTest@2f8dad04]" name="TC002_LoginPage_LoginWithInValidCredentials" class="com.guru99.testcases.Guru99LoginPageTest"/>
        <method signature="Guru99LoginPageTest.TC003_LoginPage_LoginWithInValidCredentials(java.lang.String,java.lang.String)[pri:3, instance:com.guru99.testcases.Guru99LoginPageTest@2f8dad04]" name="TC003_LoginPage_LoginWithInValidCredentials" class="com.guru99.testcases.Guru99LoginPageTest"/>
        <method signature="Guru99LoginPageTest.TC004_LoginPage_LoginWithInValidCredentials(java.lang.String,java.lang.String)[pri:4, instance:com.guru99.testcases.Guru99LoginPageTest@2f8dad04]" name="TC004_LoginPage_LoginWithInValidCredentials" class="com.guru99.testcases.Guru99LoginPageTest"/>
        <method signature="Guru99LoginPageTest.TC005_LoginPage_LoginWithoutCredentials()[pri:5, instance:com.guru99.testcases.Guru99LoginPageTest@2f8dad04]" name="TC005_LoginPage_LoginWithoutCredentials" class="com.guru99.testcases.Guru99LoginPageTest"/>
        <method signature="Guru99LoginPageTest.TC006_LoginPage_LoginWithValidCredentials(java.lang.String,java.lang.String)[pri:6, instance:com.guru99.testcases.Guru99LoginPageTest@2f8dad04]" name="TC006_LoginPage_LoginWithValidCredentials" class="com.guru99.testcases.Guru99LoginPageTest"/>
      </group> <!-- regression -->
      <group name="smoke">
        <method signature="Guru99LoginPageTest.TC001_LoginPage_LoginWithValidCredentials(java.lang.String,java.lang.String)[pri:1, instance:com.guru99.testcases.Guru99LoginPageTest@2f8dad04]" name="TC001_LoginPage_LoginWithValidCredentials" class="com.guru99.testcases.Guru99LoginPageTest"/>
        <method signature="Guru99LoginPageTest.TC006_LoginPage_LoginWithValidCredentials(java.lang.String,java.lang.String)[pri:6, instance:com.guru99.testcases.Guru99LoginPageTest@2f8dad04]" name="TC006_LoginPage_LoginWithValidCredentials" class="com.guru99.testcases.Guru99LoginPageTest"/>
      </group> <!-- smoke -->
      <group name="sanity">
        <method signature="Guru99LoginPageTest.TC003_LoginPage_LoginWithInValidCredentials(java.lang.String,java.lang.String)[pri:3, instance:com.guru99.testcases.Guru99LoginPageTest@2f8dad04]" name="TC003_LoginPage_LoginWithInValidCredentials" class="com.guru99.testcases.Guru99LoginPageTest"/>
      </group> <!-- sanity -->
    </groups>
    <test started-at="2025-01-09T21:05:49 IST" name="test" finished-at="2025-01-09T21:06:07 IST" duration-ms="18172">
      <class name="com.guru99.testcases.Guru99LoginPageTest">
        <test-method is-config="true" signature="SetUp(org.testng.ITestContext,java.lang.String)[pri:0, instance:com.guru99.testcases.Guru99LoginPageTest@2f8dad04]" started-at="2025-01-09T21:05:50 IST" name="SetUp" finished-at="2025-01-09T21:05:58 IST" duration-ms="8314" status="PASS">
          <params>
            <param index="0">
              <value>
                <![CDATA[org.testng.TestRunner@50687efb]]>
              </value>
            </param>
            <param index="1">
              <value>
                <![CDATA[chrome]]>
              </value>
            </param>
          </params>
          <reporter-output>
          </reporter-output>
        </test-method> <!-- SetUp -->
        <test-method is-config="true" signature="SetUp(org.testng.ITestContext,java.lang.String)[pri:0, instance:com.guru99.testcases.Guru99LoginPageTest@2f8dad04]" started-at="2025-01-09T21:05:51 IST" name="SetUp" finished-at="2025-01-09T21:06:05 IST" duration-ms="13691" status="PASS">
          <params>
            <param index="0">
              <value>
                <![CDATA[org.testng.TestRunner@50687efb]]>
              </value>
            </param>
            <param index="1">
              <value>
                <![CDATA[chrome]]>
              </value>
            </param>
          </params>
          <reporter-output>
          </reporter-output>
        </test-method> <!-- SetUp -->
        <test-method is-config="true" signature="SetUp(org.testng.ITestContext,java.lang.String)[pri:0, instance:com.guru99.testcases.Guru99LoginPageTest@2f8dad04]" started-at="2025-01-09T21:05:51 IST" name="SetUp" finished-at="2025-01-09T21:06:03 IST" duration-ms="12394" status="PASS">
          <params>
            <param index="0">
              <value>
                <![CDATA[org.testng.TestRunner@50687efb]]>
              </value>
            </param>
            <param index="1">
              <value>
                <![CDATA[chrome]]>
              </value>
            </param>
          </params>
          <reporter-output>
          </reporter-output>
        </test-method> <!-- SetUp -->
        <test-method is-config="true" signature="SetUp(org.testng.ITestContext,java.lang.String)[pri:0, instance:com.guru99.testcases.Guru99LoginPageTest@2f8dad04]" started-at="2025-01-09T21:05:51 IST" name="SetUp" finished-at="2025-01-09T21:06:04 IST" duration-ms="12983" status="PASS">
          <params>
            <param index="0">
              <value>
                <![CDATA[org.testng.TestRunner@50687efb]]>
              </value>
            </param>
            <param index="1">
              <value>
                <![CDATA[chrome]]>
              </value>
            </param>
          </params>
          <reporter-output>
          </reporter-output>
        </test-method> <!-- SetUp -->
        <test-method is-config="true" signature="SetUp(org.testng.ITestContext,java.lang.String)[pri:0, instance:com.guru99.testcases.Guru99LoginPageTest@2f8dad04]" started-at="2025-01-09T21:05:51 IST" name="SetUp" finished-at="2025-01-09T21:06:04 IST" duration-ms="12681" status="PASS">
          <params>
            <param index="0">
              <value>
                <![CDATA[org.testng.TestRunner@50687efb]]>
              </value>
            </param>
            <param index="1">
              <value>
                <![CDATA[chrome]]>
              </value>
            </param>
          </params>
          <reporter-output>
          </reporter-output>
        </test-method> <!-- SetUp -->
        <test-method is-config="true" signature="SetUp(org.testng.ITestContext,java.lang.String)[pri:0, instance:com.guru99.testcases.Guru99LoginPageTest@2f8dad04]" started-at="2025-01-09T21:05:51 IST" name="SetUp" finished-at="2025-01-09T21:06:04 IST" duration-ms="12638" status="PASS">
          <params>
            <param index="0">
              <value>
                <![CDATA[org.testng.TestRunner@50687efb]]>
              </value>
            </param>
            <param index="1">
              <value>
                <![CDATA[chrome]]>
              </value>
            </param>
          </params>
          <reporter-output>
          </reporter-output>
        </test-method> <!-- SetUp -->
        <test-method signature="TC005_LoginPage_LoginWithoutCredentials()[pri:5, instance:com.guru99.testcases.Guru99LoginPageTest@2f8dad04]" started-at="2025-01-09T21:05:58 IST" name="TC005_LoginPage_LoginWithoutCredentials" finished-at="2025-01-09T21:06:00 IST" duration-ms="1811" status="PASS">
          <reporter-output>
          </reporter-output>
        </test-method> <!-- TC005_LoginPage_LoginWithoutCredentials -->
        <test-method is-config="true" signature="TearDown()[pri:0, instance:com.guru99.testcases.Guru99LoginPageTest@2f8dad04]" started-at="2025-01-09T21:06:00 IST" name="TearDown" finished-at="2025-01-09T21:06:02 IST" duration-ms="1973" status="PASS">
          <reporter-output>
          </reporter-output>
        </test-method> <!-- TearDown -->
        <test-method signature="TC006_LoginPage_LoginWithValidCredentials(java.lang.String,java.lang.String)[pri:6, instance:com.guru99.testcases.Guru99LoginPageTest@2f8dad04]" started-at="2025-01-09T21:06:03 IST" name="TC006_LoginPage_LoginWithValidCredentials" data-provider="TC006_TestData" finished-at="2025-01-09T21:06:07 IST" duration-ms="3210" status="PASS">
          <params>
            <param index="0">
              <value>
                <![CDATA[mngr26593]]>
              </value>
            </param>
            <param index="1">
              <value>
                <![CDATA[123Abc@]]>
              </value>
            </param>
          </params>
          <reporter-output>
          </reporter-output>
        </test-method> <!-- TC006_LoginPage_LoginWithValidCredentials -->
        <test-method signature="TC002_LoginPage_LoginWithInValidCredentials(java.lang.String,java.lang.String)[pri:2, instance:com.guru99.testcases.Guru99LoginPageTest@2f8dad04]" started-at="2025-01-09T21:06:04 IST" name="TC002_LoginPage_LoginWithInValidCredentials" data-provider="TC002_TestData" finished-at="2025-01-09T21:06:06 IST" duration-ms="2075" status="PASS">
          <params>
            <param index="0">
              <value>
                <![CDATA[Sateesh@gmailcom]]>
              </value>
            </param>
            <param index="1">
              <value>
                <![CDATA[Sateesh@123]]>
              </value>
            </param>
          </params>
          <reporter-output>
          </reporter-output>
        </test-method> <!-- TC002_LoginPage_LoginWithInValidCredentials -->
        <test-method signature="TC004_LoginPage_LoginWithInValidCredentials(java.lang.String,java.lang.String)[pri:4, instance:com.guru99.testcases.Guru99LoginPageTest@2f8dad04]" started-at="2025-01-09T21:06:04 IST" name="TC004_LoginPage_LoginWithInValidCredentials" data-provider="TC004_TestData" finished-at="2025-01-09T21:06:06 IST" duration-ms="2045" status="PASS">
          <params>
            <param index="0">
              <value>
                <![CDATA[mngr26593]]>
              </value>
            </param>
            <param index="1">
              <value>
                <![CDATA[Test@1234]]>
              </value>
            </param>
          </params>
          <reporter-output>
          </reporter-output>
        </test-method> <!-- TC004_LoginPage_LoginWithInValidCredentials -->
        <test-method signature="TC003_LoginPage_LoginWithInValidCredentials(java.lang.String,java.lang.String)[pri:3, instance:com.guru99.testcases.Guru99LoginPageTest@2f8dad04]" started-at="2025-01-09T21:06:04 IST" name="TC003_LoginPage_LoginWithInValidCredentials" data-provider="TC003_TestData" finished-at="2025-01-09T21:06:06 IST" duration-ms="2117" status="PASS">
          <params>
            <param index="0">
              <value>
                <![CDATA[Sateesh@123]]>
              </value>
            </param>
            <param index="1">
              <value>
                <![CDATA[123Abc@]]>
              </value>
            </param>
          </params>
          <reporter-output>
          </reporter-output>
        </test-method> <!-- TC003_LoginPage_LoginWithInValidCredentials -->
        <test-method signature="TC001_LoginPage_LoginWithValidCredentials(java.lang.String,java.lang.String)[pri:1, instance:com.guru99.testcases.Guru99LoginPageTest@2f8dad04]" started-at="2025-01-09T21:06:05 IST" name="TC001_LoginPage_LoginWithValidCredentials" data-provider="TC001_TestData" finished-at="2025-01-09T21:06:07 IST" duration-ms="2365" status="PASS">
          <params>
            <param index="0">
              <value>
                <![CDATA[mngr26593]]>
              </value>
            </param>
            <param index="1">
              <value>
                <![CDATA[123Abc@]]>
              </value>
            </param>
          </params>
          <reporter-output>
          </reporter-output>
        </test-method> <!-- TC001_LoginPage_LoginWithValidCredentials -->
        <test-method is-config="true" signature="TearDown()[pri:0, instance:com.guru99.testcases.Guru99LoginPageTest@2f8dad04]" started-at="2025-01-09T21:06:06 IST" name="TearDown" finished-at="2025-01-09T21:06:07 IST" duration-ms="855" status="PASS">
          <reporter-output>
          </reporter-output>
        </test-method> <!-- TearDown -->
        <test-method is-config="true" signature="TearDown()[pri:0, instance:com.guru99.testcases.Guru99LoginPageTest@2f8dad04]" started-at="2025-01-09T21:06:06 IST" name="TearDown" finished-at="2025-01-09T21:06:06 IST" duration-ms="673" status="PASS">
          <reporter-output>
          </reporter-output>
        </test-method> <!-- TearDown -->
        <test-method is-config="true" signature="TearDown()[pri:0, instance:com.guru99.testcases.Guru99LoginPageTest@2f8dad04]" started-at="2025-01-09T21:06:06 IST" name="TearDown" finished-at="2025-01-09T21:06:07 IST" duration-ms="815" status="PASS">
          <reporter-output>
          </reporter-output>
        </test-method> <!-- TearDown -->
        <test-method is-config="true" signature="TearDown()[pri:0, instance:com.guru99.testcases.Guru99LoginPageTest@2f8dad04]" started-at="2025-01-09T21:06:07 IST" name="TearDown" finished-at="2025-01-09T21:06:07 IST" duration-ms="538" status="PASS">
          <reporter-output>
          </reporter-output>
        </test-method> <!-- TearDown -->
        <test-method is-config="true" signature="TearDown()[pri:0, instance:com.guru99.testcases.Guru99LoginPageTest@2f8dad04]" started-at="2025-01-09T21:06:07 IST" name="TearDown" finished-at="2025-01-09T21:06:07 IST" duration-ms="237" status="PASS">
          <reporter-output>
          </reporter-output>
        </test-method> <!-- TearDown -->
      </class> <!-- com.guru99.testcases.Guru99LoginPageTest -->
    </test> <!-- test -->
  </suite> <!-- Suite -->
</testng-results>
